<?xml version="1.0" encoding="UTF-8"?>
<testng-results skipped="0" failed="0" total="1" passed="1">
  <reporter-output>
  </reporter-output>
  <suite name="Suite" duration-ms="14214" started-at="2020-07-07T20:27:31Z" finished-at="2020-07-07T20:27:45Z">
    <groups>
    </groups>
    <test name="Test" duration-ms="14214" started-at="2020-07-07T20:27:31Z" finished-at="2020-07-07T20:27:45Z">
      <class name="TestNGMultiBrowserDemo">
        <test-method status="PASS" signature="setup(java.lang.String)[pri:0, instance:TestNGMultiBrowserDemo@604ed9f0]" name="setup" is-config="true" duration-ms="14180" started-at="2020-07-08T01:57:31Z" finished-at="2020-07-08T01:57:45Z">
          <params>
            <param index="0">
              <value>
                <![CDATA[chrome]]>
              </value>
            </param>
          </params>
          <reporter-output>
          </reporter-output>
        </test-method> <!-- setup -->
        <test-method status="PASS" signature="test1()[pri:0, instance:TestNGMultiBrowserDemo@604ed9f0]" name="test1" duration-ms="12" started-at="2020-07-08T01:57:45Z" finished-at="2020-07-08T01:57:45Z">
          <reporter-output>
          </reporter-output>
        </test-method> <!-- test1 -->
        <test-method status="PASS" signature="teardown()[pri:0, instance:TestNGMultiBrowserDemo@604ed9f0]" name="teardown" is-config="true" duration-ms="0" started-at="2020-07-08T01:57:45Z" finished-at="2020-07-08T01:57:45Z">
          <reporter-output>
          </reporter-output>
        </test-method> <!-- teardown -->
      </class> <!-- TestNGMultiBrowserDemo -->
    </test> <!-- Test -->
  </suite> <!-- Suite -->
</testng-results>
