<?xml version="1.0" encoding="UTF-8"?>
<testng-results skipped="0" failed="0" total="1" passed="1">
  <reporter-output>
  </reporter-output>
  <suite name="Default suite" duration-ms="70128" started-at="2020-08-09T13:54:59Z" finished-at="2020-08-09T13:56:09Z">
    <groups>
    </groups>
    <test name="Default test" duration-ms="70128" started-at="2020-08-09T13:54:59Z" finished-at="2020-08-09T13:56:09Z">
      <class name="AppSierraTask.WebDevelopment">
        <test-method status="PASS" signature="SetUpChrome()[pri:0, instance:AppSierraTask.WebDevelopment@91161c7]" name="SetUpChrome" is-config="true" duration-ms="7165" started-at="2020-08-09T19:24:59Z" finished-at="2020-08-09T19:25:06Z">
          <reporter-output>
          </reporter-output>
        </test-method> <!-- SetUpChrome -->
        <test-method status="PASS" signature="GoibiboBooking()[pri:0, instance:AppSierraTask.WebDevelopment@91161c7]" name="GoibiboBooking" duration-ms="60263" started-at="2020-08-09T19:25:06Z" finished-at="2020-08-09T19:26:06Z">
          <reporter-output>
          </reporter-output>
        </test-method> <!-- GoibiboBooking -->
        <test-method status="PASS" signature="closegoibibo()[pri:0, instance:AppSierraTask.WebDevelopment@91161c7]" name="closegoibibo" is-config="true" duration-ms="2670" started-at="2020-08-09T19:26:06Z" finished-at="2020-08-09T19:26:09Z">
          <reporter-output>
          </reporter-output>
        </test-method> <!-- closegoibibo -->
      </class> <!-- AppSierraTask.WebDevelopment -->
    </test> <!-- Default test -->
  </suite> <!-- Default suite -->
</testng-results>
